<?xml version="1.0" encoding="UTF-8"?>
<testsuite xmlns:xsi="http://www.w3.org/2001/XMLSchema-instance" xsi:noNamespaceSchemaLocation="https://maven.apache.org/surefire/maven-surefire-plugin/xsd/surefire-test-report-3.0.xsd" version="3.0" name="com.hrms.runners.TestRunner" time="9.853" tests="1" errors="0" skipped="0" failures="1">
  <properties>
    <property name="gopherProxySet" value="false"/>
    <property name="awt.toolkit" value="sun.lwawt.macosx.LWCToolkit"/>
    <property name="file.encoding.pkg" value="sun.io"/>
    <property name="java.specification.version" value="1.8"/>
    <property name="sun.cpu.isalist" value=""/>
    <property name="sun.jnu.encoding" value="UTF-8"/>
    <property name="java.class.path" value="/Users/gozde.ercevik/eclipse-workspace-newoxygen/CucumberFramewok/target/test-classes:/Users/gozde.ercevik/eclipse-workspace-newoxygen/CucumberFramewok/target/classes:/Users/gozde.ercevik/.m2/repository/mysql/mysql-connector-java/8.0.20/mysql-connector-java-8.0.20.jar:/Users/gozde.ercevik/.m2/repository/com/google/protobuf/protobuf-java/3.6.1/protobuf-java-3.6.1.jar:/Users/gozde.ercevik/.m2/repository/io/cucumber/cucumber-junit/5.7.0/cucumber-junit-5.7.0.jar:/Users/gozde.ercevik/.m2/repository/org/apiguardian/apiguardian-api/1.1.0/apiguardian-api-1.1.0.jar:/Users/gozde.ercevik/.m2/repository/io/cucumber/cucumber-core/5.7.0/cucumber-core-5.7.0.jar:/Users/gozde.ercevik/.m2/repository/io/cucumber/cucumber-gherkin/5.7.0/cucumber-gherkin-5.7.0.jar:/Users/gozde.ercevik/.m2/repository/io/cucumber/cucumber-gherkin-vintage/5.7.0/cucumber-gherkin-vintage-5.7.0.jar:/Users/gozde.ercevik/.m2/repository/io/cucumber/tag-expressions/2.0.4/tag-expressions-2.0.4.jar:/Users/gozde.ercevik/.m2/repository/io/cucumber/cucumber-expressions/8.3.1/cucumber-expressions-8.3.1.jar:/Users/gozde.ercevik/.m2/repository/io/cucumber/datatable/3.3.1/datatable-3.3.1.jar:/Users/gozde.ercevik/.m2/repository/io/cucumber/cucumber-plugin/5.7.0/cucumber-plugin-5.7.0.jar:/Users/gozde.ercevik/.m2/repository/io/cucumber/docstring/5.7.0/docstring-5.7.0.jar:/Users/gozde.ercevik/.m2/repository/junit/junit/4.13/junit-4.13.jar:/Users/gozde.ercevik/.m2/repository/org/hamcrest/hamcrest-core/1.3/hamcrest-core-1.3.jar:/Users/gozde.ercevik/.m2/repository/io/cucumber/cucumber-java/5.7.0/cucumber-java-5.7.0.jar:/Users/gozde.ercevik/.m2/repository/io/github/bonigarcia/webdrivermanager/3.8.1/webdrivermanager-3.8.1.jar:/Users/gozde.ercevik/.m2/repository/org/slf4j/slf4j-api/1.7.25/slf4j-api-1.7.25.jar:/Users/gozde.ercevik/.m2/repository/com/google/code/gson/gson/2.8.5/gson-2.8.5.jar:/Users/gozde.ercevik/.m2/repository/org/apache/commons/commons-lang3/3.8.1/commons-lang3-3.8.1.jar:/Users/gozde.ercevik/.m2/repository/org/apache/httpcomponents/httpclient/4.5.6/httpclient-4.5.6.jar:/Users/gozde.ercevik/.m2/repository/org/apache/httpcomponents/httpcore/4.4.10/httpcore-4.4.10.jar:/Users/gozde.ercevik/.m2/repository/commons-logging/commons-logging/1.2/commons-logging-1.2.jar:/Users/gozde.ercevik/.m2/repository/commons-codec/commons-codec/1.10/commons-codec-1.10.jar:/Users/gozde.ercevik/.m2/repository/org/rauschig/jarchivelib/1.0.0/jarchivelib-1.0.0.jar:/Users/gozde.ercevik/.m2/repository/org/jsoup/jsoup/1.11.3/jsoup-1.11.3.jar:/Users/gozde.ercevik/.m2/repository/org/seleniumhq/selenium/selenium-java/3.141.59/selenium-java-3.141.59.jar:/Users/gozde.ercevik/.m2/repository/org/seleniumhq/selenium/selenium-api/3.141.59/selenium-api-3.141.59.jar:/Users/gozde.ercevik/.m2/repository/org/seleniumhq/selenium/selenium-chrome-driver/3.141.59/selenium-chrome-driver-3.141.59.jar:/Users/gozde.ercevik/.m2/repository/org/seleniumhq/selenium/selenium-edge-driver/3.141.59/selenium-edge-driver-3.141.59.jar:/Users/gozde.ercevik/.m2/repository/org/seleniumhq/selenium/selenium-firefox-driver/3.141.59/selenium-firefox-driver-3.141.59.jar:/Users/gozde.ercevik/.m2/repository/org/seleniumhq/selenium/selenium-ie-driver/3.141.59/selenium-ie-driver-3.141.59.jar:/Users/gozde.ercevik/.m2/repository/org/seleniumhq/selenium/selenium-opera-driver/3.141.59/selenium-opera-driver-3.141.59.jar:/Users/gozde.ercevik/.m2/repository/org/seleniumhq/selenium/selenium-remote-driver/3.141.59/selenium-remote-driver-3.141.59.jar:/Users/gozde.ercevik/.m2/repository/org/seleniumhq/selenium/selenium-safari-driver/3.141.59/selenium-safari-driver-3.141.59.jar:/Users/gozde.ercevik/.m2/repository/org/seleniumhq/selenium/selenium-support/3.141.59/selenium-support-3.141.59.jar:/Users/gozde.ercevik/.m2/repository/net/bytebuddy/byte-buddy/1.8.15/byte-buddy-1.8.15.jar:/Users/gozde.ercevik/.m2/repository/org/apache/commons/commons-exec/1.3/commons-exec-1.3.jar:/Users/gozde.ercevik/.m2/repository/com/google/guava/guava/25.0-jre/guava-25.0-jre.jar:/Users/gozde.ercevik/.m2/repository/com/google/code/findbugs/jsr305/1.3.9/jsr305-1.3.9.jar:/Users/gozde.ercevik/.m2/repository/org/checkerframework/checker-compat-qual/2.0.0/checker-compat-qual-2.0.0.jar:/Users/gozde.ercevik/.m2/repository/com/google/errorprone/error_prone_annotations/2.1.3/error_prone_annotations-2.1.3.jar:/Users/gozde.ercevik/.m2/repository/com/google/j2objc/j2objc-annotations/1.1/j2objc-annotations-1.1.jar:/Users/gozde.ercevik/.m2/repository/org/codehaus/mojo/animal-sniffer-annotations/1.14/animal-sniffer-annotations-1.14.jar:/Users/gozde.ercevik/.m2/repository/com/squareup/okhttp3/okhttp/3.11.0/okhttp-3.11.0.jar:/Users/gozde.ercevik/.m2/repository/com/squareup/okio/okio/1.14.0/okio-1.14.0.jar:/Users/gozde.ercevik/.m2/repository/io/rest-assured/rest-assured/4.3.1/rest-assured-4.3.1.jar:/Users/gozde.ercevik/.m2/repository/org/codehaus/groovy/groovy/3.0.3/groovy-3.0.3.jar:/Users/gozde.ercevik/.m2/repository/org/codehaus/groovy/groovy-xml/3.0.3/groovy-xml-3.0.3.jar:/Users/gozde.ercevik/.m2/repository/org/apache/httpcomponents/httpmime/4.5.3/httpmime-4.5.3.jar:/Users/gozde.ercevik/.m2/repository/org/hamcrest/hamcrest/2.1/hamcrest-2.1.jar:/Users/gozde.ercevik/.m2/repository/org/ccil/cowan/tagsoup/tagsoup/1.2.1/tagsoup-1.2.1.jar:/Users/gozde.ercevik/.m2/repository/io/rest-assured/json-path/4.3.1/json-path-4.3.1.jar:/Users/gozde.ercevik/.m2/repository/org/codehaus/groovy/groovy-json/3.0.3/groovy-json-3.0.3.jar:/Users/gozde.ercevik/.m2/repository/io/rest-assured/rest-assured-common/4.3.1/rest-assured-common-4.3.1.jar:/Users/gozde.ercevik/.m2/repository/io/rest-assured/xml-path/4.3.1/xml-path-4.3.1.jar:/Users/gozde.ercevik/.m2/repository/jakarta/xml/bind/jakarta.xml.bind-api/2.3.3/jakarta.xml.bind-api-2.3.3.jar:/Users/gozde.ercevik/.m2/repository/jakarta/activation/jakarta.activation-api/1.2.2/jakarta.activation-api-1.2.2.jar:/Users/gozde.ercevik/.m2/repository/com/sun/xml/bind/jaxb-impl/2.3.3/jaxb-impl-2.3.3.jar:/Users/gozde.ercevik/.m2/repository/commons-io/commons-io/2.7/commons-io-2.7.jar:/Users/gozde.ercevik/.m2/repository/org/apache/poi/poi-ooxml/4.1.2/poi-ooxml-4.1.2.jar:/Users/gozde.ercevik/.m2/repository/org/apache/poi/poi/4.1.2/poi-4.1.2.jar:/Users/gozde.ercevik/.m2/repository/org/apache/commons/commons-collections4/4.4/commons-collections4-4.4.jar:/Users/gozde.ercevik/.m2/repository/org/apache/commons/commons-math3/3.6.1/commons-math3-3.6.1.jar:/Users/gozde.ercevik/.m2/repository/com/zaxxer/SparseBitSet/1.2/SparseBitSet-1.2.jar:/Users/gozde.ercevik/.m2/repository/org/apache/poi/poi-ooxml-schemas/4.1.2/poi-ooxml-schemas-4.1.2.jar:/Users/gozde.ercevik/.m2/repository/org/apache/xmlbeans/xmlbeans/3.1.0/xmlbeans-3.1.0.jar:/Users/gozde.ercevik/.m2/repository/org/apache/commons/commons-compress/1.19/commons-compress-1.19.jar:/Users/gozde.ercevik/.m2/repository/com/github/virtuald/curvesapi/1.06/curvesapi-1.06.jar:/Users/gozde.ercevik/.m2/repository/org/json/json/20160810/json-20160810.jar:"/>
    <property name="java.vm.vendor" value="Oracle Corporation"/>
    <property name="sun.arch.data.model" value="64"/>
    <property name="java.vendor.url" value="http://java.oracle.com/"/>
    <property name="user.timezone" value=""/>
    <property name="java.vm.specification.version" value="1.8"/>
    <property name="os.name" value="Mac OS X"/>
    <property name="user.country" value="US"/>
    <property name="sun.java.launcher" value="SUN_STANDARD"/>
    <property name="sun.boot.library.path" value="/Library/Java/JavaVirtualMachines/jdk1.8.0_251.jdk/Contents/Home/jre/lib"/>
    <property name="sun.java.command" value="/Users/gozde.ercevik/eclipse-workspace-newoxygen/CucumberFramewok/target/surefire/surefirebooter4831991899532227292.jar /Users/gozde.ercevik/eclipse-workspace-newoxygen/CucumberFramewok/target/surefire 2020-10-31T10-48-40_733-jvmRun1 surefire2433495503709416704tmp surefire_08003116881682951731tmp"/>
    <property name="http.nonProxyHosts" value="local|*.local|169.254/16|*.169.254/16"/>
    <property name="surefire.test.class.path" value="/Users/gozde.ercevik/eclipse-workspace-newoxygen/CucumberFramewok/target/test-classes:/Users/gozde.ercevik/eclipse-workspace-newoxygen/CucumberFramewok/target/classes:/Users/gozde.ercevik/.m2/repository/mysql/mysql-connector-java/8.0.20/mysql-connector-java-8.0.20.jar:/Users/gozde.ercevik/.m2/repository/com/google/protobuf/protobuf-java/3.6.1/protobuf-java-3.6.1.jar:/Users/gozde.ercevik/.m2/repository/io/cucumber/cucumber-junit/5.7.0/cucumber-junit-5.7.0.jar:/Users/gozde.ercevik/.m2/repository/org/apiguardian/apiguardian-api/1.1.0/apiguardian-api-1.1.0.jar:/Users/gozde.ercevik/.m2/repository/io/cucumber/cucumber-core/5.7.0/cucumber-core-5.7.0.jar:/Users/gozde.ercevik/.m2/repository/io/cucumber/cucumber-gherkin/5.7.0/cucumber-gherkin-5.7.0.jar:/Users/gozde.ercevik/.m2/repository/io/cucumber/cucumber-gherkin-vintage/5.7.0/cucumber-gherkin-vintage-5.7.0.jar:/Users/gozde.ercevik/.m2/repository/io/cucumber/tag-expressions/2.0.4/tag-expressions-2.0.4.jar:/Users/gozde.ercevik/.m2/repository/io/cucumber/cucumber-expressions/8.3.1/cucumber-expressions-8.3.1.jar:/Users/gozde.ercevik/.m2/repository/io/cucumber/datatable/3.3.1/datatable-3.3.1.jar:/Users/gozde.ercevik/.m2/repository/io/cucumber/cucumber-plugin/5.7.0/cucumber-plugin-5.7.0.jar:/Users/gozde.ercevik/.m2/repository/io/cucumber/docstring/5.7.0/docstring-5.7.0.jar:/Users/gozde.ercevik/.m2/repository/junit/junit/4.13/junit-4.13.jar:/Users/gozde.ercevik/.m2/repository/org/hamcrest/hamcrest-core/1.3/hamcrest-core-1.3.jar:/Users/gozde.ercevik/.m2/repository/io/cucumber/cucumber-java/5.7.0/cucumber-java-5.7.0.jar:/Users/gozde.ercevik/.m2/repository/io/github/bonigarcia/webdrivermanager/3.8.1/webdrivermanager-3.8.1.jar:/Users/gozde.ercevik/.m2/repository/org/slf4j/slf4j-api/1.7.25/slf4j-api-1.7.25.jar:/Users/gozde.ercevik/.m2/repository/com/google/code/gson/gson/2.8.5/gson-2.8.5.jar:/Users/gozde.ercevik/.m2/repository/org/apache/commons/commons-lang3/3.8.1/commons-lang3-3.8.1.jar:/Users/gozde.ercevik/.m2/repository/org/apache/httpcomponents/httpclient/4.5.6/httpclient-4.5.6.jar:/Users/gozde.ercevik/.m2/repository/org/apache/httpcomponents/httpcore/4.4.10/httpcore-4.4.10.jar:/Users/gozde.ercevik/.m2/repository/commons-logging/commons-logging/1.2/commons-logging-1.2.jar:/Users/gozde.ercevik/.m2/repository/commons-codec/commons-codec/1.10/commons-codec-1.10.jar:/Users/gozde.ercevik/.m2/repository/org/rauschig/jarchivelib/1.0.0/jarchivelib-1.0.0.jar:/Users/gozde.ercevik/.m2/repository/org/jsoup/jsoup/1.11.3/jsoup-1.11.3.jar:/Users/gozde.ercevik/.m2/repository/org/seleniumhq/selenium/selenium-java/3.141.59/selenium-java-3.141.59.jar:/Users/gozde.ercevik/.m2/repository/org/seleniumhq/selenium/selenium-api/3.141.59/selenium-api-3.141.59.jar:/Users/gozde.ercevik/.m2/repository/org/seleniumhq/selenium/selenium-chrome-driver/3.141.59/selenium-chrome-driver-3.141.59.jar:/Users/gozde.ercevik/.m2/repository/org/seleniumhq/selenium/selenium-edge-driver/3.141.59/selenium-edge-driver-3.141.59.jar:/Users/gozde.ercevik/.m2/repository/org/seleniumhq/selenium/selenium-firefox-driver/3.141.59/selenium-firefox-driver-3.141.59.jar:/Users/gozde.ercevik/.m2/repository/org/seleniumhq/selenium/selenium-ie-driver/3.141.59/selenium-ie-driver-3.141.59.jar:/Users/gozde.ercevik/.m2/repository/org/seleniumhq/selenium/selenium-opera-driver/3.141.59/selenium-opera-driver-3.141.59.jar:/Users/gozde.ercevik/.m2/repository/org/seleniumhq/selenium/selenium-remote-driver/3.141.59/selenium-remote-driver-3.141.59.jar:/Users/gozde.ercevik/.m2/repository/org/seleniumhq/selenium/selenium-safari-driver/3.141.59/selenium-safari-driver-3.141.59.jar:/Users/gozde.ercevik/.m2/repository/org/seleniumhq/selenium/selenium-support/3.141.59/selenium-support-3.141.59.jar:/Users/gozde.ercevik/.m2/repository/net/bytebuddy/byte-buddy/1.8.15/byte-buddy-1.8.15.jar:/Users/gozde.ercevik/.m2/repository/org/apache/commons/commons-exec/1.3/commons-exec-1.3.jar:/Users/gozde.ercevik/.m2/repository/com/google/guava/guava/25.0-jre/guava-25.0-jre.jar:/Users/gozde.ercevik/.m2/repository/com/google/code/findbugs/jsr305/1.3.9/jsr305-1.3.9.jar:/Users/gozde.ercevik/.m2/repository/org/checkerframework/checker-compat-qual/2.0.0/checker-compat-qual-2.0.0.jar:/Users/gozde.ercevik/.m2/repository/com/google/errorprone/error_prone_annotations/2.1.3/error_prone_annotations-2.1.3.jar:/Users/gozde.ercevik/.m2/repository/com/google/j2objc/j2objc-annotations/1.1/j2objc-annotations-1.1.jar:/Users/gozde.ercevik/.m2/repository/org/codehaus/mojo/animal-sniffer-annotations/1.14/animal-sniffer-annotations-1.14.jar:/Users/gozde.ercevik/.m2/repository/com/squareup/okhttp3/okhttp/3.11.0/okhttp-3.11.0.jar:/Users/gozde.ercevik/.m2/repository/com/squareup/okio/okio/1.14.0/okio-1.14.0.jar:/Users/gozde.ercevik/.m2/repository/io/rest-assured/rest-assured/4.3.1/rest-assured-4.3.1.jar:/Users/gozde.ercevik/.m2/repository/org/codehaus/groovy/groovy/3.0.3/groovy-3.0.3.jar:/Users/gozde.ercevik/.m2/repository/org/codehaus/groovy/groovy-xml/3.0.3/groovy-xml-3.0.3.jar:/Users/gozde.ercevik/.m2/repository/org/apache/httpcomponents/httpmime/4.5.3/httpmime-4.5.3.jar:/Users/gozde.ercevik/.m2/repository/org/hamcrest/hamcrest/2.1/hamcrest-2.1.jar:/Users/gozde.ercevik/.m2/repository/org/ccil/cowan/tagsoup/tagsoup/1.2.1/tagsoup-1.2.1.jar:/Users/gozde.ercevik/.m2/repository/io/rest-assured/json-path/4.3.1/json-path-4.3.1.jar:/Users/gozde.ercevik/.m2/repository/org/codehaus/groovy/groovy-json/3.0.3/groovy-json-3.0.3.jar:/Users/gozde.ercevik/.m2/repository/io/rest-assured/rest-assured-common/4.3.1/rest-assured-common-4.3.1.jar:/Users/gozde.ercevik/.m2/repository/io/rest-assured/xml-path/4.3.1/xml-path-4.3.1.jar:/Users/gozde.ercevik/.m2/repository/jakarta/xml/bind/jakarta.xml.bind-api/2.3.3/jakarta.xml.bind-api-2.3.3.jar:/Users/gozde.ercevik/.m2/repository/jakarta/activation/jakarta.activation-api/1.2.2/jakarta.activation-api-1.2.2.jar:/Users/gozde.ercevik/.m2/repository/com/sun/xml/bind/jaxb-impl/2.3.3/jaxb-impl-2.3.3.jar:/Users/gozde.ercevik/.m2/repository/commons-io/commons-io/2.7/commons-io-2.7.jar:/Users/gozde.ercevik/.m2/repository/org/apache/poi/poi-ooxml/4.1.2/poi-ooxml-4.1.2.jar:/Users/gozde.ercevik/.m2/repository/org/apache/poi/poi/4.1.2/poi-4.1.2.jar:/Users/gozde.ercevik/.m2/repository/org/apache/commons/commons-collections4/4.4/commons-collections4-4.4.jar:/Users/gozde.ercevik/.m2/repository/org/apache/commons/commons-math3/3.6.1/commons-math3-3.6.1.jar:/Users/gozde.ercevik/.m2/repository/com/zaxxer/SparseBitSet/1.2/SparseBitSet-1.2.jar:/Users/gozde.ercevik/.m2/repository/org/apache/poi/poi-ooxml-schemas/4.1.2/poi-ooxml-schemas-4.1.2.jar:/Users/gozde.ercevik/.m2/repository/org/apache/xmlbeans/xmlbeans/3.1.0/xmlbeans-3.1.0.jar:/Users/gozde.ercevik/.m2/repository/org/apache/commons/commons-compress/1.19/commons-compress-1.19.jar:/Users/gozde.ercevik/.m2/repository/com/github/virtuald/curvesapi/1.06/curvesapi-1.06.jar:/Users/gozde.ercevik/.m2/repository/org/json/json/20160810/json-20160810.jar:"/>
    <property name="sun.cpu.endian" value="little"/>
    <property name="user.home" value="/Users/gozde.ercevik"/>
    <property name="user.language" value="en"/>
    <property name="java.specification.vendor" value="Oracle Corporation"/>
    <property name="java.home" value="/Library/Java/JavaVirtualMachines/jdk1.8.0_251.jdk/Contents/Home/jre"/>
    <property name="basedir" value="/Users/gozde.ercevik/eclipse-workspace-newoxygen/CucumberFramewok"/>
    <property name="file.separator" value="/"/>
    <property name="line.separator" value="&#10;"/>
    <property name="java.vm.specification.vendor" value="Oracle Corporation"/>
    <property name="java.specification.name" value="Java Platform API Specification"/>
    <property name="java.awt.graphicsenv" value="sun.awt.CGraphicsEnvironment"/>
    <property name="surefire.real.class.path" value="/Users/gozde.ercevik/eclipse-workspace-newoxygen/CucumberFramewok/target/surefire/surefirebooter4831991899532227292.jar"/>
    <property name="sun.boot.class.path" value="/Library/Java/JavaVirtualMachines/jdk1.8.0_251.jdk/Contents/Home/jre/lib/resources.jar:/Library/Java/JavaVirtualMachines/jdk1.8.0_251.jdk/Contents/Home/jre/lib/rt.jar:/Library/Java/JavaVirtualMachines/jdk1.8.0_251.jdk/Contents/Home/jre/lib/sunrsasign.jar:/Library/Java/JavaVirtualMachines/jdk1.8.0_251.jdk/Contents/Home/jre/lib/jsse.jar:/Library/Java/JavaVirtualMachines/jdk1.8.0_251.jdk/Contents/Home/jre/lib/jce.jar:/Library/Java/JavaVirtualMachines/jdk1.8.0_251.jdk/Contents/Home/jre/lib/charsets.jar:/Library/Java/JavaVirtualMachines/jdk1.8.0_251.jdk/Contents/Home/jre/lib/jfr.jar:/Library/Java/JavaVirtualMachines/jdk1.8.0_251.jdk/Contents/Home/jre/classes"/>
    <property name="sun.management.compiler" value="HotSpot 64-Bit Tiered Compilers"/>
    <property name="ftp.nonProxyHosts" value="local|*.local|169.254/16|*.169.254/16"/>
    <property name="java.runtime.version" value="1.8.0_251-b08"/>
    <property name="user.name" value="gozde.ercevik"/>
    <property name="path.separator" value=":"/>
    <property name="os.version" value="10.15.6"/>
    <property name="java.endorsed.dirs" value="/Library/Java/JavaVirtualMachines/jdk1.8.0_251.jdk/Contents/Home/jre/lib/endorsed"/>
    <property name="java.runtime.name" value="Java(TM) SE Runtime Environment"/>
    <property name="file.encoding" value="UTF-8"/>
    <property name="java.vm.name" value="Java HotSpot(TM) 64-Bit Server VM"/>
    <property name="localRepository" value="/Users/gozde.ercevik/.m2/repository"/>
    <property name="java.vendor.url.bug" value="http://bugreport.sun.com/bugreport/"/>
    <property name="java.io.tmpdir" value="/var/folders/tp/0xl_cb892njdq_kk4frqfzmm0000gn/T/"/>
    <property name="java.version" value="1.8.0_251"/>
    <property name="user.dir" value="/Users/gozde.ercevik/eclipse-workspace-newoxygen/CucumberFramewok"/>
    <property name="os.arch" value="x86_64"/>
    <property name="java.vm.specification.name" value="Java Virtual Machine Specification"/>
    <property name="java.awt.printerjob" value="sun.lwawt.macosx.CPrinterJob"/>
    <property name="sun.os.patch.level" value="unknown"/>
    <property name="java.library.path" value="/Users/gozde.ercevik/Library/Java/Extensions:/Library/Java/Extensions:/Network/Library/Java/Extensions:/System/Library/Java/Extensions:/usr/lib/java:."/>
    <property name="java.vm.info" value="mixed mode"/>
    <property name="java.vendor" value="Oracle Corporation"/>
    <property name="java.vm.version" value="25.251-b08"/>
    <property name="java.ext.dirs" value="/Users/gozde.ercevik/Library/Java/Extensions:/Library/Java/JavaVirtualMachines/jdk1.8.0_251.jdk/Contents/Home/jre/lib/ext:/Library/Java/Extensions:/Network/Library/Java/Extensions:/System/Library/Java/Extensions:/usr/lib/java"/>
    <property name="sun.io.unicode.encoding" value="UnicodeBig"/>
    <property name="java.class.version" value="52.0"/>
    <property name="socksNonProxyHosts" value="local|*.local|169.254/16|*.169.254/16"/>
  </properties>
  <testcase name="Job Titles Validation against DB" classname="Job Titles Validation against DB" time="9.555">
    <failure message="expected:&lt;[{job_title=Accountant}, {job_title=API Tester}, {job_title=Application Developer}, {job_title=Automation Engineer}, {job_title=CEO}, {job_title=Chief Financial Officer}, {job_title=Cloud Architect}, {job_title=Cloud Consultant}, {job_title=Cloud Product and Project Manager}, {job_title=Controller}, {job_title=CTO}, {job_title=Data Quality Manager}, {job_title=Database Administrator}, {job_title=Developer}, {job_title=Freelancer}, {job_title=Graphic Designer}, {job_title=Instructor}, {job_title=IT Analyst}, {job_title=IT Support Manager}, {job_title=Jr Production Manager}, {job_title=Jr Sales Manager}, {job_title=Network Administrator}, {job_title=Production Manager}, {job_title=QA Tester}, {job_title=Sales&amp;Marketing Manager}, {job_title=Sales&amp;Marketing Manager}, {job_title=Sr Production Manager}]&gt; but was:&lt;[{job_title=Accountant}, {job_title=API Tester}, {job_title=Application Developer}, {job_title=Automation Engineer}, {job_title=CEO}, {job_title=Chief Financial Officer}, {job_title=Cloud Architect}, {job_title=Cloud Consultant}, {job_title=Cloud Product and Project Manager}, {job_title=Controller}, {job_title=CTO}, {job_title=Data Quality Manager}, {job_title=Database Administrator}, {job_title=Developer}, {job_title=Graphic Designer}, {job_title=Instructor}, {job_title=IT Analyst}, {job_title=IT Support Manager}, {job_title=Jr Production Manager}, {job_title=Jr Sales Manager}, {job_title=Network Administrator}, {job_title=Production Manager}, {job_title=QA Tester}, {job_title=Sr Production Manager}]&gt;" type="java.lang.AssertionError"><![CDATA[java.lang.AssertionError: expected:<[{job_title=Accountant}, {job_title=API Tester}, {job_title=Application Developer}, {job_title=Automation Engineer}, {job_title=CEO}, {job_title=Chief Financial Officer}, {job_title=Cloud Architect}, {job_title=Cloud Consultant}, {job_title=Cloud Product and Project Manager}, {job_title=Controller}, {job_title=CTO}, {job_title=Data Quality Manager}, {job_title=Database Administrator}, {job_title=Developer}, {job_title=Freelancer}, {job_title=Graphic Designer}, {job_title=Instructor}, {job_title=IT Analyst}, {job_title=IT Support Manager}, {job_title=Jr Production Manager}, {job_title=Jr Sales Manager}, {job_title=Network Administrator}, {job_title=Production Manager}, {job_title=QA Tester}, {job_title=Sales&Marketing Manager}, {job_title=Sales&Marketing Manager}, {job_title=Sr Production Manager}]> but was:<[{job_title=Accountant}, {job_title=API Tester}, {job_title=Application Developer}, {job_title=Automation Engineer}, {job_title=CEO}, {job_title=Chief Financial Officer}, {job_title=Cloud Architect}, {job_title=Cloud Consultant}, {job_title=Cloud Product and Project Manager}, {job_title=Controller}, {job_title=CTO}, {job_title=Data Quality Manager}, {job_title=Database Administrator}, {job_title=Developer}, {job_title=Graphic Designer}, {job_title=Instructor}, {job_title=IT Analyst}, {job_title=IT Support Manager}, {job_title=Jr Production Manager}, {job_title=Jr Sales Manager}, {job_title=Network Administrator}, {job_title=Production Manager}, {job_title=QA Tester}, {job_title=Sr Production Manager}]>
]]></failure>
    <system-out><![CDATA[
@JobTitleValidation
Scenario: Job Titles Validation against DB    # src/test/resources/features/JobTitleValidation.feature:6
  Given login with valid credentials          # com.hrms.stepDefinitions.LoginStepDefinitions.login_with_valid_credentials()
  And verify the dashboard logo is displayed  # com.hrms.stepDefinitions.LoginStepDefinitions.verify_the_dashboard_logo_is_displayed()
  When navigate to job titles                 # com.hrms.stepDefinitions.JobTitleStepDefinitions.navigate_to_job_titles()
  And verify the table is displayed           # com.hrms.stepDefinitions.EmployeeSearchStepDefinitions.verify_the_table_is_displayed()
[{job_title=Accountant}, {job_title=API Tester}, {job_title=Application Developer}, {job_title=Automation Engineer}, {job_title=CEO}, {job_title=Chief Financial Officer}, {job_title=Cloud Architect}, {job_title=Cloud Consultant}, {job_title=Cloud Product and Project Manager}, {job_title=Controller}, {job_title=CTO}, {job_title=Data Quality Manager}, {job_title=Database Administrator}, {job_title=Developer}, {job_title=Graphic Designer}, {job_title=Instructor}, {job_title=IT Analyst}, {job_title=IT Support Manager}, {job_title=Jr Production Manager}, {job_title=Jr Sales Manager}, {job_title=Network Administrator}, {job_title=Production Manager}, {job_title=QA Tester}, {job_title=Sr Production Manager}]
  When get all job titles from the table      # com.hrms.stepDefinitions.JobTitleStepDefinitions.get_all_job_titles_from_the_table()
  Then get all job titles from the db         # com.hrms.stepDefinitions.DBStepDefinitions.get_all_job_titles_from_the_db()
DB job title size= 27
UI job title size= 24
  Then validate Job Titles from ui against db # com.hrms.stepDefinitions.JobTitleStepDefinitions.validate_Job_Titles_from_ui_against_db()
      java.lang.AssertionError: expected:<[{job_title=Accountant}, {job_title=API Tester}, {job_title=Application Developer}, {job_title=Automation Engineer}, {job_title=CEO}, {job_title=Chief Financial Officer}, {job_title=Cloud Architect}, {job_title=Cloud Consultant}, {job_title=Cloud Product and Project Manager}, {job_title=Controller}, {job_title=CTO}, {job_title=Data Quality Manager}, {job_title=Database Administrator}, {job_title=Developer}, {job_title=Freelancer}, {job_title=Graphic Designer}, {job_title=Instructor}, {job_title=IT Analyst}, {job_title=IT Support Manager}, {job_title=Jr Production Manager}, {job_title=Jr Sales Manager}, {job_title=Network Administrator}, {job_title=Production Manager}, {job_title=QA Tester}, {job_title=Sales&Marketing Manager}, {job_title=Sales&Marketing Manager}, {job_title=Sr Production Manager}]> but was:<[{job_title=Accountant}, {job_title=API Tester}, {job_title=Application Developer}, {job_title=Automation Engineer}, {job_title=CEO}, {job_title=Chief Financial Officer}, {job_title=Cloud Architect}, {job_title=Cloud Consultant}, {job_title=Cloud Product and Project Manager}, {job_title=Controller}, {job_title=CTO}, {job_title=Data Quality Manager}, {job_title=Database Administrator}, {job_title=Developer}, {job_title=Graphic Designer}, {job_title=Instructor}, {job_title=IT Analyst}, {job_title=IT Support Manager}, {job_title=Jr Production Manager}, {job_title=Jr Sales Manager}, {job_title=Network Administrator}, {job_title=Production Manager}, {job_title=QA Tester}, {job_title=Sr Production Manager}]>
	at org.junit.Assert.fail(Assert.java:89)
	at org.junit.Assert.failNotEquals(Assert.java:835)
	at org.junit.Assert.assertEquals(Assert.java:120)
	at org.junit.Assert.assertEquals(Assert.java:146)
	at com.hrms.stepDefinitions.JobTitleStepDefinitions.validate_Job_Titles_from_ui_against_db(JobTitleStepDefinitions.java:27)
	at ✽.validate Job Titles from ui against db(file:///Users/gozde.ercevik/eclipse-workspace-newoxygen/CucumberFramewok/src/test/resources/features/JobTitleValidation.feature:13)


    Embedding Job Titles Validation against DB [image/png 295569 bytes]

]]></system-out>
    <system-err><![CDATA[Oct 31, 2020 10:48:41 AM io.cucumber.junit.Cucumber <init>
WARNING: By default Cucumber is running in --non-strict mode.
This default will change to --strict and --non-strict will be removed.
You can use --strict or @CucumberOptions(strict = true) to suppress this warning
SLF4J: Failed to load class "org.slf4j.impl.StaticLoggerBinder".
SLF4J: Defaulting to no-operation (NOP) logger implementation
SLF4J: See http://www.slf4j.org/codes.html#StaticLoggerBinder for further details.
Starting ChromeDriver 86.0.4240.22 (398b0743353ff36fb1b82468f63a3a93b4e2e89e-refs/branch-heads/4240@{#378}) on port 14643
Only local connections are allowed.
Please see https://chromedriver.chromium.org/security-considerations for suggestions on keeping ChromeDriver safe.
ChromeDriver was started successfully.
Oct 31, 2020 10:48:43 AM org.openqa.selenium.remote.ProtocolHandshake createSession
INFO: Detected dialect: W3C
]]></system-err>
  </testcase>
</testsuite>